2023-08-28T21:45:43.124-03:00  INFO 2264 --- [restartedMain] c.l.m.mscartoes.MscartoesApplication     : Starting MscartoesApplication using Java 20.0.2 with PID 2264 (D:\Projects_Java\Microservices\mscartoes\mscartoes\target\classes started by Luiz in D:\Projects_Java\Microservices\mscartoes)
2023-08-28T21:45:43.126-03:00  INFO 2264 --- [restartedMain] c.l.m.mscartoes.MscartoesApplication     : No active profile set, falling back to 1 default profile: "default"
2023-08-28T21:45:43.173-03:00  INFO 2264 --- [restartedMain] .e.DevToolsPropertyDefaultsPostProcessor : Devtools property defaults active! Set 'spring.devtools.add-properties' to 'false' to disable
2023-08-28T21:45:43.173-03:00  INFO 2264 --- [restartedMain] .e.DevToolsPropertyDefaultsPostProcessor : For additional web related logging consider setting the 'logging.level.web' property to 'DEBUG'
2023-08-28T21:45:44.898-03:00  INFO 2264 --- [restartedMain] .s.d.r.c.RepositoryConfigurationDelegate : Bootstrapping Spring Data JPA repositories in DEFAULT mode.
2023-08-28T21:45:45.065-03:00  INFO 2264 --- [restartedMain] .s.d.r.c.RepositoryConfigurationDelegate : Finished Spring Data repository scanning in 156 ms. Found 2 JPA repository interfaces.
2023-08-28T21:45:45.372-03:00  INFO 2264 --- [restartedMain] o.s.cloud.context.scope.GenericScope     : BeanFactory id=08a933eb-c29b-38da-9bbe-cdb2c9b3a258
2023-08-28T21:45:45.993-03:00  INFO 2264 --- [restartedMain] o.s.b.w.embedded.tomcat.TomcatWebServer  : Tomcat initialized with port(s): 0 (http)
2023-08-28T21:45:46.006-03:00  INFO 2264 --- [restartedMain] o.apache.catalina.core.StandardService   : Starting service [Tomcat]
2023-08-28T21:45:46.007-03:00  INFO 2264 --- [restartedMain] o.apache.catalina.core.StandardEngine    : Starting Servlet engine: [Apache Tomcat/10.1.11]
2023-08-28T21:45:46.101-03:00  INFO 2264 --- [restartedMain] o.a.c.c.C.[Tomcat].[localhost].[/]       : Initializing Spring embedded WebApplicationContext
2023-08-28T21:45:46.102-03:00  INFO 2264 --- [restartedMain] w.s.c.ServletWebServerApplicationContext : Root WebApplicationContext: initialization completed in 2928 ms
2023-08-28T21:45:46.221-03:00  INFO 2264 --- [restartedMain] com.zaxxer.hikari.HikariDataSource       : HikariPool-1 - Starting...
2023-08-28T21:45:46.427-03:00  INFO 2264 --- [restartedMain] com.zaxxer.hikari.pool.HikariPool        : HikariPool-1 - Added connection conn0: url=jdbc:h2:mem:testdb user=SA
2023-08-28T21:45:46.429-03:00  INFO 2264 --- [restartedMain] com.zaxxer.hikari.HikariDataSource       : HikariPool-1 - Start completed.
2023-08-28T21:45:46.440-03:00  INFO 2264 --- [restartedMain] o.s.b.a.h2.H2ConsoleAutoConfiguration    : H2 console available at '/h2-console-cartoes'. Database available at 'jdbc:h2:mem:testdb'
2023-08-28T21:45:46.645-03:00  INFO 2264 --- [restartedMain] o.hibernate.jpa.internal.util.LogHelper  : HHH000204: Processing PersistenceUnitInfo [name: default]
2023-08-28T21:45:46.709-03:00  INFO 2264 --- [restartedMain] org.hibernate.Version                    : HHH000412: Hibernate ORM core version 6.2.6.Final
2023-08-28T21:45:46.711-03:00  INFO 2264 --- [restartedMain] org.hibernate.cfg.Environment            : HHH000406: Using bytecode reflection optimizer
2023-08-28T21:45:46.850-03:00  INFO 2264 --- [restartedMain] o.h.b.i.BytecodeProviderInitiator        : HHH000021: Bytecode provider name : bytebuddy
2023-08-28T21:45:46.972-03:00  INFO 2264 --- [restartedMain] o.s.o.j.p.SpringPersistenceUnitInfo      : No LoadTimeWeaver setup: ignoring JPA class transformer
2023-08-28T21:45:47.225-03:00  INFO 2264 --- [restartedMain] o.h.b.i.BytecodeProviderInitiator        : HHH000021: Bytecode provider name : bytebuddy
2023-08-28T21:45:47.750-03:00  INFO 2264 --- [restartedMain] o.h.e.t.j.p.i.JtaPlatformInitiator       : HHH000490: Using JtaPlatform implementation: [org.hibernate.engine.transaction.jta.platform.internal.NoJtaPlatform]
2023-08-28T21:45:47.801-03:00  INFO 2264 --- [restartedMain] j.LocalContainerEntityManagerFactoryBean : Initialized JPA EntityManagerFactory for persistence unit 'default'
2023-08-28T21:45:48.247-03:00  WARN 2264 --- [restartedMain] JpaBaseConfiguration$JpaWebConfiguration : spring.jpa.open-in-view is enabled by default. Therefore, database queries may be performed during view rendering. Explicitly configure spring.jpa.open-in-view to disable this warning
2023-08-28T21:45:49.218-03:00  WARN 2264 --- [restartedMain] o.s.b.d.a.OptionalLiveReloadServer       : Unable to start LiveReload server
2023-08-28T21:45:49.262-03:00  INFO 2264 --- [restartedMain] DiscoveryClientOptionalArgsConfiguration : Eureka HTTP Client uses RestTemplate.
2023-08-28T21:45:49.320-03:00  WARN 2264 --- [restartedMain] iguration$LoadBalancerCaffeineWarnLogger : Spring Cloud LoadBalancer is currently working with the default cache. While this cache implementation is useful for development and tests, it's recommended to use Caffeine cache in production.You can switch to using Caffeine cache, by adding it and org.springframework.cache.caffeine.CaffeineCacheManager to the classpath.
2023-08-28T21:45:49.328-03:00  INFO 2264 --- [restartedMain] o.s.b.a.e.web.EndpointLinksResolver      : Exposing 17 endpoint(s) beneath base path '/actuator'
2023-08-28T21:45:49.451-03:00  INFO 2264 --- [restartedMain] o.s.b.w.embedded.tomcat.TomcatWebServer  : Tomcat started on port(s): 62234 (http) with context path ''
2023-08-28T21:45:49.453-03:00  INFO 2264 --- [restartedMain] .s.c.n.e.s.EurekaAutoServiceRegistration : Updating port to 62234
2023-08-28T21:45:49.457-03:00  INFO 2264 --- [restartedMain] o.s.c.n.eureka.InstanceInfoFactory       : Setting initial instance status as: STARTING
2023-08-28T21:45:49.547-03:00  INFO 2264 --- [restartedMain] com.netflix.discovery.DiscoveryClient    : Initializing Eureka in region us-east-1
2023-08-28T21:45:49.552-03:00  INFO 2264 --- [restartedMain] c.n.d.s.r.aws.ConfigClusterResolver      : Resolving eureka endpoints via configuration
2023-08-28T21:45:49.574-03:00  INFO 2264 --- [restartedMain] com.netflix.discovery.DiscoveryClient    : Disable delta property : false
2023-08-28T21:45:49.575-03:00  INFO 2264 --- [restartedMain] com.netflix.discovery.DiscoveryClient    : Single vip registry refresh property : null
2023-08-28T21:45:49.575-03:00  INFO 2264 --- [restartedMain] com.netflix.discovery.DiscoveryClient    : Force full registry fetch : false
2023-08-28T21:45:49.575-03:00  INFO 2264 --- [restartedMain] com.netflix.discovery.DiscoveryClient    : Application is null : false
2023-08-28T21:45:49.575-03:00  INFO 2264 --- [restartedMain] com.netflix.discovery.DiscoveryClient    : Registered Applications size is zero : true
2023-08-28T21:45:49.575-03:00  INFO 2264 --- [restartedMain] com.netflix.discovery.DiscoveryClient    : Application version is -1: true
2023-08-28T21:45:49.575-03:00  INFO 2264 --- [restartedMain] com.netflix.discovery.DiscoveryClient    : Getting all instance registry info from the eureka server
2023-08-28T21:45:49.915-03:00  INFO 2264 --- [restartedMain] com.netflix.discovery.DiscoveryClient    : The response status is 200
2023-08-28T21:45:49.917-03:00  INFO 2264 --- [restartedMain] com.netflix.discovery.DiscoveryClient    : Starting heartbeat executor: renew interval is: 30
2023-08-28T21:45:49.928-03:00  INFO 2264 --- [restartedMain] c.n.discovery.InstanceInfoReplicator     : InstanceInfoReplicator onDemand update allowed rate per min is 4
2023-08-28T21:45:49.938-03:00  INFO 2264 --- [restartedMain] com.netflix.discovery.DiscoveryClient    : Discovery Client initialized at timestamp 1693269949937 with initial instances count: 2
2023-08-28T21:45:49.941-03:00  INFO 2264 --- [restartedMain] o.s.c.n.e.s.EurekaServiceRegistry        : Registering application MSCARTOES with eureka with status UP
2023-08-28T21:45:49.942-03:00  INFO 2264 --- [restartedMain] com.netflix.discovery.DiscoveryClient    : Saw local status change event StatusChangeEvent [timestamp=1693269949942, current=UP, previous=STARTING]
2023-08-28T21:45:49.944-03:00  INFO 2264 --- [DiscoveryClient-InstanceInfoReplicator-0] com.netflix.discovery.DiscoveryClient    : DiscoveryClient_MSCARTOES/mscartoes:7b54a8c802582a5bbe3a685e1bfa7b09: registering service...
2023-08-28T21:45:49.972-03:00  INFO 2264 --- [restartedMain] o.s.a.r.c.CachingConnectionFactory       : Attempting to connect to: [localhost:5672]
2023-08-28T21:45:50.014-03:00  INFO 2264 --- [restartedMain] o.s.a.r.c.CachingConnectionFactory       : Created new connection: rabbitConnectionFactory#43c99dd5:0/SimpleConnection@670242c6 [delegate=amqp://guest@127.0.0.1:5672/, localPort=62237]
2023-08-28T21:45:50.038-03:00  INFO 2264 --- [DiscoveryClient-InstanceInfoReplicator-0] com.netflix.discovery.DiscoveryClient    : DiscoveryClient_MSCARTOES/mscartoes:7b54a8c802582a5bbe3a685e1bfa7b09 - registration status: 204
2023-08-28T21:45:50.065-03:00  INFO 2264 --- [restartedMain] c.l.m.mscartoes.MscartoesApplication     : Started MscartoesApplication in 7.802 seconds (process running for 8.385)
2023-08-28T21:47:07.829-03:00  INFO 2264 --- [http-nio-auto-1-exec-1] o.a.c.c.C.[Tomcat].[localhost].[/]       : Initializing Spring DispatcherServlet 'dispatcherServlet'
2023-08-28T21:47:07.829-03:00  INFO 2264 --- [http-nio-auto-1-exec-1] o.s.web.servlet.DispatcherServlet        : Initializing Servlet 'dispatcherServlet'
2023-08-28T21:47:07.832-03:00  INFO 2264 --- [http-nio-auto-1-exec-1] o.s.web.servlet.DispatcherServlet        : Completed initialization in 2 ms
2023-08-28T21:47:23.830-03:00  INFO 2264 --- [http-nio-auto-1-exec-2] o.springdoc.api.AbstractOpenApiResource  : Init duration for springdoc-openapi is: 148 ms
