2023-08-28T21:18:32.090-03:00  INFO 24128 --- [restartedMain] c.l.m.msclientes.MsclientesApplication   : Starting MsclientesApplication using Java 20.0.2 with PID 24128 (D:\Projects_Java\Microservices\msclientes\target\classes started by Luiz in D:\Projects_Java\Microservices\msclientes)
2023-08-28T21:18:32.092-03:00  INFO 24128 --- [restartedMain] c.l.m.msclientes.MsclientesApplication   : No active profile set, falling back to 1 default profile: "default"
2023-08-28T21:18:32.148-03:00  INFO 24128 --- [restartedMain] .e.DevToolsPropertyDefaultsPostProcessor : Devtools property defaults active! Set 'spring.devtools.add-properties' to 'false' to disable
2023-08-28T21:18:32.148-03:00  INFO 24128 --- [restartedMain] .e.DevToolsPropertyDefaultsPostProcessor : For additional web related logging consider setting the 'logging.level.web' property to 'DEBUG'
2023-08-28T21:18:33.091-03:00  INFO 24128 --- [restartedMain] .s.d.r.c.RepositoryConfigurationDelegate : Bootstrapping Spring Data JPA repositories in DEFAULT mode.
2023-08-28T21:18:33.217-03:00  INFO 24128 --- [restartedMain] .s.d.r.c.RepositoryConfigurationDelegate : Finished Spring Data repository scanning in 119 ms. Found 1 JPA repository interfaces.
2023-08-28T21:18:33.474-03:00  INFO 24128 --- [restartedMain] o.s.cloud.context.scope.GenericScope     : BeanFactory id=f57cd315-88c0-37d1-b2d7-3460558ba142
2023-08-28T21:18:34.033-03:00  INFO 24128 --- [restartedMain] o.s.b.w.embedded.tomcat.TomcatWebServer  : Tomcat initialized with port(s): 0 (http)
2023-08-28T21:18:34.042-03:00  INFO 24128 --- [restartedMain] o.apache.catalina.core.StandardService   : Starting service [Tomcat]
2023-08-28T21:18:34.042-03:00  INFO 24128 --- [restartedMain] o.apache.catalina.core.StandardEngine    : Starting Servlet engine: [Apache Tomcat/10.1.11]
2023-08-28T21:18:34.099-03:00  INFO 24128 --- [restartedMain] o.a.c.c.C.[Tomcat].[localhost].[/]       : Initializing Spring embedded WebApplicationContext
2023-08-28T21:18:34.099-03:00  INFO 24128 --- [restartedMain] w.s.c.ServletWebServerApplicationContext : Root WebApplicationContext: initialization completed in 1950 ms
2023-08-28T21:18:34.191-03:00  INFO 24128 --- [restartedMain] com.zaxxer.hikari.HikariDataSource       : HikariPool-1 - Starting...
2023-08-28T21:18:34.387-03:00  INFO 24128 --- [restartedMain] com.zaxxer.hikari.pool.HikariPool        : HikariPool-1 - Added connection conn0: url=jdbc:h2:mem:testdb user=SA
2023-08-28T21:18:34.389-03:00  INFO 24128 --- [restartedMain] com.zaxxer.hikari.HikariDataSource       : HikariPool-1 - Start completed.
2023-08-28T21:18:34.398-03:00  INFO 24128 --- [restartedMain] o.s.b.a.h2.H2ConsoleAutoConfiguration    : H2 console available at '/h2-console-clientes'. Database available at 'jdbc:h2:mem:testdb'
2023-08-28T21:18:34.592-03:00  INFO 24128 --- [restartedMain] o.hibernate.jpa.internal.util.LogHelper  : HHH000204: Processing PersistenceUnitInfo [name: default]
2023-08-28T21:18:34.644-03:00  INFO 24128 --- [restartedMain] org.hibernate.Version                    : HHH000412: Hibernate ORM core version 6.2.6.Final
2023-08-28T21:18:34.646-03:00  INFO 24128 --- [restartedMain] org.hibernate.cfg.Environment            : HHH000406: Using bytecode reflection optimizer
2023-08-28T21:18:34.766-03:00  INFO 24128 --- [restartedMain] o.h.b.i.BytecodeProviderInitiator        : HHH000021: Bytecode provider name : bytebuddy
2023-08-28T21:18:34.874-03:00  INFO 24128 --- [restartedMain] o.s.o.j.p.SpringPersistenceUnitInfo      : No LoadTimeWeaver setup: ignoring JPA class transformer
2023-08-28T21:18:35.041-03:00  INFO 24128 --- [restartedMain] o.h.b.i.BytecodeProviderInitiator        : HHH000021: Bytecode provider name : bytebuddy
2023-08-28T21:18:35.484-03:00  INFO 24128 --- [restartedMain] o.h.e.t.j.p.i.JtaPlatformInitiator       : HHH000490: Using JtaPlatform implementation: [org.hibernate.engine.transaction.jta.platform.internal.NoJtaPlatform]
2023-08-28T21:18:35.527-03:00  INFO 24128 --- [restartedMain] j.LocalContainerEntityManagerFactoryBean : Initialized JPA EntityManagerFactory for persistence unit 'default'
2023-08-28T21:18:35.866-03:00  WARN 24128 --- [restartedMain] JpaBaseConfiguration$JpaWebConfiguration : spring.jpa.open-in-view is enabled by default. Therefore, database queries may be performed during view rendering. Explicitly configure spring.jpa.open-in-view to disable this warning
2023-08-28T21:18:36.412-03:00  WARN 24128 --- [restartedMain] o.s.b.d.a.OptionalLiveReloadServer       : Unable to start LiveReload server
2023-08-28T21:18:36.460-03:00  INFO 24128 --- [restartedMain] DiscoveryClientOptionalArgsConfiguration : Eureka HTTP Client uses RestTemplate.
2023-08-28T21:18:36.500-03:00  WARN 24128 --- [restartedMain] iguration$LoadBalancerCaffeineWarnLogger : Spring Cloud LoadBalancer is currently working with the default cache. While this cache implementation is useful for development and tests, it's recommended to use Caffeine cache in production.You can switch to using Caffeine cache, by adding it and org.springframework.cache.caffeine.CaffeineCacheManager to the classpath.
2023-08-28T21:18:36.507-03:00  INFO 24128 --- [restartedMain] o.s.b.a.e.web.EndpointLinksResolver      : Exposing 17 endpoint(s) beneath base path '/actuator'
2023-08-28T21:18:36.577-03:00  INFO 24128 --- [restartedMain] o.s.b.w.embedded.tomcat.TomcatWebServer  : Tomcat started on port(s): 60639 (http) with context path ''
2023-08-28T21:18:36.579-03:00  INFO 24128 --- [restartedMain] .s.c.n.e.s.EurekaAutoServiceRegistration : Updating port to 60639
2023-08-28T21:18:36.583-03:00  INFO 24128 --- [restartedMain] o.s.c.n.eureka.InstanceInfoFactory       : Setting initial instance status as: STARTING
2023-08-28T21:18:36.679-03:00  INFO 24128 --- [restartedMain] com.netflix.discovery.DiscoveryClient    : Initializing Eureka in region us-east-1
2023-08-28T21:18:36.683-03:00  INFO 24128 --- [restartedMain] c.n.d.s.r.aws.ConfigClusterResolver      : Resolving eureka endpoints via configuration
2023-08-28T21:18:36.705-03:00  INFO 24128 --- [restartedMain] com.netflix.discovery.DiscoveryClient    : Disable delta property : false
2023-08-28T21:18:36.705-03:00  INFO 24128 --- [restartedMain] com.netflix.discovery.DiscoveryClient    : Single vip registry refresh property : null
2023-08-28T21:18:36.705-03:00  INFO 24128 --- [restartedMain] com.netflix.discovery.DiscoveryClient    : Force full registry fetch : false
2023-08-28T21:18:36.705-03:00  INFO 24128 --- [restartedMain] com.netflix.discovery.DiscoveryClient    : Application is null : false
2023-08-28T21:18:36.705-03:00  INFO 24128 --- [restartedMain] com.netflix.discovery.DiscoveryClient    : Registered Applications size is zero : true
2023-08-28T21:18:36.705-03:00  INFO 24128 --- [restartedMain] com.netflix.discovery.DiscoveryClient    : Application version is -1: true
2023-08-28T21:18:36.705-03:00  INFO 24128 --- [restartedMain] com.netflix.discovery.DiscoveryClient    : Getting all instance registry info from the eureka server
2023-08-28T21:18:37.055-03:00  INFO 24128 --- [restartedMain] com.netflix.discovery.DiscoveryClient    : The response status is 200
2023-08-28T21:18:37.057-03:00  INFO 24128 --- [restartedMain] com.netflix.discovery.DiscoveryClient    : Starting heartbeat executor: renew interval is: 30
2023-08-28T21:18:37.059-03:00  INFO 24128 --- [restartedMain] c.n.discovery.InstanceInfoReplicator     : InstanceInfoReplicator onDemand update allowed rate per min is 4
2023-08-28T21:18:37.064-03:00  INFO 24128 --- [restartedMain] com.netflix.discovery.DiscoveryClient    : Discovery Client initialized at timestamp 1693268317064 with initial instances count: 3
2023-08-28T21:18:37.067-03:00  INFO 24128 --- [restartedMain] o.s.c.n.e.s.EurekaServiceRegistry        : Registering application MSCLIENTES with eureka with status UP
2023-08-28T21:18:37.068-03:00  INFO 24128 --- [restartedMain] com.netflix.discovery.DiscoveryClient    : Saw local status change event StatusChangeEvent [timestamp=1693268317068, current=UP, previous=STARTING]
2023-08-28T21:18:37.070-03:00  INFO 24128 --- [DiscoveryClient-InstanceInfoReplicator-0] com.netflix.discovery.DiscoveryClient    : DiscoveryClient_MSCLIENTES/msclientes:b478a69d927fcf48dfb7564f75c53d34: registering service...
2023-08-28T21:18:37.113-03:00  INFO 24128 --- [restartedMain] c.l.m.msclientes.MsclientesApplication   : Started MsclientesApplication in 5.572 seconds (process running for 6.174)
2023-08-28T21:18:37.165-03:00  INFO 24128 --- [DiscoveryClient-InstanceInfoReplicator-0] com.netflix.discovery.DiscoveryClient    : DiscoveryClient_MSCLIENTES/msclientes:b478a69d927fcf48dfb7564f75c53d34 - registration status: 204
2023-08-28T21:19:14.899-03:00  INFO 24128 --- [http-nio-auto-1-exec-1] o.a.c.c.C.[Tomcat].[localhost].[/]       : Initializing Spring DispatcherServlet 'dispatcherServlet'
2023-08-28T21:19:14.899-03:00  INFO 24128 --- [http-nio-auto-1-exec-1] o.s.web.servlet.DispatcherServlet        : Initializing Servlet 'dispatcherServlet'
2023-08-28T21:19:14.901-03:00  INFO 24128 --- [http-nio-auto-1-exec-1] o.s.web.servlet.DispatcherServlet        : Completed initialization in 1 ms
2023-08-28T21:22:31.988-03:00  INFO 24128 --- [SpringApplicationShutdownHook] o.s.c.n.e.s.EurekaServiceRegistry        : Unregistering application MSCLIENTES with eureka with status DOWN
2023-08-28T21:22:31.988-03:00  INFO 24128 --- [SpringApplicationShutdownHook] com.netflix.discovery.DiscoveryClient    : Saw local status change event StatusChangeEvent [timestamp=1693268551988, current=DOWN, previous=UP]
2023-08-28T21:22:31.988-03:00  INFO 24128 --- [DiscoveryClient-InstanceInfoReplicator-0] com.netflix.discovery.DiscoveryClient    : DiscoveryClient_MSCLIENTES/msclientes:b478a69d927fcf48dfb7564f75c53d34: registering service...
2023-08-28T21:22:32.003-03:00  INFO 24128 --- [SpringApplicationShutdownHook] j.LocalContainerEntityManagerFactoryBean : Closing JPA EntityManagerFactory for persistence unit 'default'
2023-08-28T21:22:32.054-03:00  INFO 24128 --- [DiscoveryClient-InstanceInfoReplicator-0] com.netflix.discovery.DiscoveryClient    : DiscoveryClient_MSCLIENTES/msclientes:b478a69d927fcf48dfb7564f75c53d34 - registration status: 204
2023-08-28T21:22:32.415-03:00  WARN 24128 --- [SpringApplicationShutdownHook] o.s.b.f.support.DisposableBeanAdapter    : Invocation of destroy method failed on bean with name 'inMemoryDatabaseShutdownExecutor': org.h2.jdbc.JdbcSQLNonTransientConnectionException: Database is already closed (to disable automatic closing at VM shutdown, add ";DB_CLOSE_ON_EXIT=FALSE" to the db URL) [90121-214]
2023-08-28T21:22:32.416-03:00  INFO 24128 --- [SpringApplicationShutdownHook] com.zaxxer.hikari.HikariDataSource       : HikariPool-1 - Shutdown initiated...
2023-08-28T21:22:32.571-03:00  INFO 24128 --- [SpringApplicationShutdownHook] com.zaxxer.hikari.HikariDataSource       : HikariPool-1 - Shutdown completed.
2023-08-28T21:22:32.574-03:00  INFO 24128 --- [SpringApplicationShutdownHook] com.netflix.discovery.DiscoveryClient    : Shutting down DiscoveryClient ...
2023-08-28T21:22:35.621-03:00  INFO 24128 --- [SpringApplicationShutdownHook] com.netflix.discovery.DiscoveryClient    : Unregistering ...
2023-08-28T21:22:35.701-03:00  INFO 24128 --- [SpringApplicationShutdownHook] com.netflix.discovery.DiscoveryClient    : DiscoveryClient_MSCLIENTES/msclientes:b478a69d927fcf48dfb7564f75c53d34 - deregister  status: 200
2023-08-28T21:22:35.705-03:00  INFO 24128 --- [SpringApplicationShutdownHook] com.netflix.discovery.DiscoveryClient    : Completed shut down of DiscoveryClient
2023-08-28T21:43:24.626-03:00  INFO 35524 --- [restartedMain] c.l.m.msclientes.MsclientesApplication   : Starting MsclientesApplication using Java 20.0.2 with PID 35524 (D:\Projects_Java\Microservices\msclientes\target\classes started by Luiz in D:\Projects_Java\Microservices\msclientes)
2023-08-28T21:43:24.628-03:00  INFO 35524 --- [restartedMain] c.l.m.msclientes.MsclientesApplication   : No active profile set, falling back to 1 default profile: "default"
2023-08-28T21:43:24.672-03:00  INFO 35524 --- [restartedMain] .e.DevToolsPropertyDefaultsPostProcessor : Devtools property defaults active! Set 'spring.devtools.add-properties' to 'false' to disable
2023-08-28T21:43:24.673-03:00  INFO 35524 --- [restartedMain] .e.DevToolsPropertyDefaultsPostProcessor : For additional web related logging consider setting the 'logging.level.web' property to 'DEBUG'
2023-08-28T21:43:25.674-03:00  INFO 35524 --- [restartedMain] .s.d.r.c.RepositoryConfigurationDelegate : Bootstrapping Spring Data JPA repositories in DEFAULT mode.
2023-08-28T21:43:25.788-03:00  INFO 35524 --- [restartedMain] .s.d.r.c.RepositoryConfigurationDelegate : Finished Spring Data repository scanning in 107 ms. Found 1 JPA repository interfaces.
2023-08-28T21:43:26.047-03:00  INFO 35524 --- [restartedMain] o.s.cloud.context.scope.GenericScope     : BeanFactory id=bdedc566-4c49-30ae-9b3e-c0ee7e47b896
2023-08-28T21:43:26.626-03:00  INFO 35524 --- [restartedMain] o.s.b.w.embedded.tomcat.TomcatWebServer  : Tomcat initialized with port(s): 0 (http)
2023-08-28T21:43:26.635-03:00  INFO 35524 --- [restartedMain] o.apache.catalina.core.StandardService   : Starting service [Tomcat]
2023-08-28T21:43:26.635-03:00  INFO 35524 --- [restartedMain] o.apache.catalina.core.StandardEngine    : Starting Servlet engine: [Apache Tomcat/10.1.11]
2023-08-28T21:43:26.696-03:00  INFO 35524 --- [restartedMain] o.a.c.c.C.[Tomcat].[localhost].[/]       : Initializing Spring embedded WebApplicationContext
2023-08-28T21:43:26.696-03:00  INFO 35524 --- [restartedMain] w.s.c.ServletWebServerApplicationContext : Root WebApplicationContext: initialization completed in 2023 ms
2023-08-28T21:43:26.792-03:00  INFO 35524 --- [restartedMain] com.zaxxer.hikari.HikariDataSource       : HikariPool-1 - Starting...
2023-08-28T21:43:26.974-03:00  INFO 35524 --- [restartedMain] com.zaxxer.hikari.pool.HikariPool        : HikariPool-1 - Added connection conn0: url=jdbc:h2:mem:testdb user=SA
2023-08-28T21:43:26.976-03:00  INFO 35524 --- [restartedMain] com.zaxxer.hikari.HikariDataSource       : HikariPool-1 - Start completed.
2023-08-28T21:43:26.985-03:00  INFO 35524 --- [restartedMain] o.s.b.a.h2.H2ConsoleAutoConfiguration    : H2 console available at '/h2-console-clientes'. Database available at 'jdbc:h2:mem:testdb'
2023-08-28T21:43:27.166-03:00  INFO 35524 --- [restartedMain] o.hibernate.jpa.internal.util.LogHelper  : HHH000204: Processing PersistenceUnitInfo [name: default]
2023-08-28T21:43:27.223-03:00  INFO 35524 --- [restartedMain] org.hibernate.Version                    : HHH000412: Hibernate ORM core version 6.2.6.Final
2023-08-28T21:43:27.225-03:00  INFO 35524 --- [restartedMain] org.hibernate.cfg.Environment            : HHH000406: Using bytecode reflection optimizer
2023-08-28T21:43:27.343-03:00  INFO 35524 --- [restartedMain] o.h.b.i.BytecodeProviderInitiator        : HHH000021: Bytecode provider name : bytebuddy
2023-08-28T21:43:27.462-03:00  INFO 35524 --- [restartedMain] o.s.o.j.p.SpringPersistenceUnitInfo      : No LoadTimeWeaver setup: ignoring JPA class transformer
2023-08-28T21:43:27.651-03:00  INFO 35524 --- [restartedMain] o.h.b.i.BytecodeProviderInitiator        : HHH000021: Bytecode provider name : bytebuddy
2023-08-28T21:43:28.179-03:00  INFO 35524 --- [restartedMain] o.h.e.t.j.p.i.JtaPlatformInitiator       : HHH000490: Using JtaPlatform implementation: [org.hibernate.engine.transaction.jta.platform.internal.NoJtaPlatform]
2023-08-28T21:43:28.224-03:00  INFO 35524 --- [restartedMain] j.LocalContainerEntityManagerFactoryBean : Initialized JPA EntityManagerFactory for persistence unit 'default'
2023-08-28T21:43:28.687-03:00  WARN 35524 --- [restartedMain] JpaBaseConfiguration$JpaWebConfiguration : spring.jpa.open-in-view is enabled by default. Therefore, database queries may be performed during view rendering. Explicitly configure spring.jpa.open-in-view to disable this warning
2023-08-28T21:43:29.457-03:00  INFO 35524 --- [restartedMain] o.s.b.d.a.OptionalLiveReloadServer       : LiveReload server is running on port 35729
2023-08-28T21:43:29.499-03:00  INFO 35524 --- [restartedMain] DiscoveryClientOptionalArgsConfiguration : Eureka HTTP Client uses RestTemplate.
2023-08-28T21:43:29.536-03:00  WARN 35524 --- [restartedMain] iguration$LoadBalancerCaffeineWarnLogger : Spring Cloud LoadBalancer is currently working with the default cache. While this cache implementation is useful for development and tests, it's recommended to use Caffeine cache in production.You can switch to using Caffeine cache, by adding it and org.springframework.cache.caffeine.CaffeineCacheManager to the classpath.
2023-08-28T21:43:29.543-03:00  INFO 35524 --- [restartedMain] o.s.b.a.e.web.EndpointLinksResolver      : Exposing 17 endpoint(s) beneath base path '/actuator'
2023-08-28T21:43:29.617-03:00  INFO 35524 --- [restartedMain] o.s.b.w.embedded.tomcat.TomcatWebServer  : Tomcat started on port(s): 62022 (http) with context path ''
2023-08-28T21:43:29.619-03:00  INFO 35524 --- [restartedMain] .s.c.n.e.s.EurekaAutoServiceRegistration : Updating port to 62022
2023-08-28T21:43:29.623-03:00  INFO 35524 --- [restartedMain] o.s.c.n.eureka.InstanceInfoFactory       : Setting initial instance status as: STARTING
2023-08-28T21:43:29.706-03:00  INFO 35524 --- [restartedMain] com.netflix.discovery.DiscoveryClient    : Initializing Eureka in region us-east-1
2023-08-28T21:43:29.712-03:00  INFO 35524 --- [restartedMain] c.n.d.s.r.aws.ConfigClusterResolver      : Resolving eureka endpoints via configuration
2023-08-28T21:43:29.736-03:00  INFO 35524 --- [restartedMain] com.netflix.discovery.DiscoveryClient    : Disable delta property : false
2023-08-28T21:43:29.736-03:00  INFO 35524 --- [restartedMain] com.netflix.discovery.DiscoveryClient    : Single vip registry refresh property : null
2023-08-28T21:43:29.736-03:00  INFO 35524 --- [restartedMain] com.netflix.discovery.DiscoveryClient    : Force full registry fetch : false
2023-08-28T21:43:29.736-03:00  INFO 35524 --- [restartedMain] com.netflix.discovery.DiscoveryClient    : Application is null : false
2023-08-28T21:43:29.736-03:00  INFO 35524 --- [restartedMain] com.netflix.discovery.DiscoveryClient    : Registered Applications size is zero : true
2023-08-28T21:43:29.736-03:00  INFO 35524 --- [restartedMain] com.netflix.discovery.DiscoveryClient    : Application version is -1: true
2023-08-28T21:43:29.736-03:00  INFO 35524 --- [restartedMain] com.netflix.discovery.DiscoveryClient    : Getting all instance registry info from the eureka server
2023-08-28T21:43:30.104-03:00  INFO 35524 --- [restartedMain] com.netflix.discovery.DiscoveryClient    : The response status is 200
2023-08-28T21:43:30.106-03:00  INFO 35524 --- [restartedMain] com.netflix.discovery.DiscoveryClient    : Starting heartbeat executor: renew interval is: 30
2023-08-28T21:43:30.108-03:00  INFO 35524 --- [restartedMain] c.n.discovery.InstanceInfoReplicator     : InstanceInfoReplicator onDemand update allowed rate per min is 4
2023-08-28T21:43:30.114-03:00  INFO 35524 --- [restartedMain] com.netflix.discovery.DiscoveryClient    : Discovery Client initialized at timestamp 1693269810113 with initial instances count: 1
2023-08-28T21:43:30.117-03:00  INFO 35524 --- [restartedMain] o.s.c.n.e.s.EurekaServiceRegistry        : Registering application MSCLIENTES with eureka with status UP
2023-08-28T21:43:30.118-03:00  INFO 35524 --- [restartedMain] com.netflix.discovery.DiscoveryClient    : Saw local status change event StatusChangeEvent [timestamp=1693269810118, current=UP, previous=STARTING]
2023-08-28T21:43:30.119-03:00  INFO 35524 --- [DiscoveryClient-InstanceInfoReplicator-0] com.netflix.discovery.DiscoveryClient    : DiscoveryClient_MSCLIENTES/msclientes:7bd939543e9e7d9dfc7c9baae1c1afb3: registering service...
2023-08-28T21:43:30.165-03:00  INFO 35524 --- [restartedMain] c.l.m.msclientes.MsclientesApplication   : Started MsclientesApplication in 6.082 seconds (process running for 6.697)
2023-08-28T21:43:30.221-03:00  INFO 35524 --- [DiscoveryClient-InstanceInfoReplicator-0] com.netflix.discovery.DiscoveryClient    : DiscoveryClient_MSCLIENTES/msclientes:7bd939543e9e7d9dfc7c9baae1c1afb3 - registration status: 204
2023-08-28T21:43:49.891-03:00  INFO 35524 --- [http-nio-auto-1-exec-1] o.a.c.c.C.[Tomcat].[localhost].[/]       : Initializing Spring DispatcherServlet 'dispatcherServlet'
2023-08-28T21:43:49.891-03:00  INFO 35524 --- [http-nio-auto-1-exec-1] o.s.web.servlet.DispatcherServlet        : Initializing Servlet 'dispatcherServlet'
2023-08-28T21:43:49.893-03:00  INFO 35524 --- [http-nio-auto-1-exec-1] o.s.web.servlet.DispatcherServlet        : Completed initialization in 2 ms
2023-08-28T21:44:03.250-03:00  INFO 35524 --- [http-nio-auto-1-exec-3] o.springdoc.api.AbstractOpenApiResource  : Init duration for springdoc-openapi is: 135 ms
